L 02/22/2021 - 19:19:16: 
L 02/22/2021 - 19:19:16: @@@@@@@@@@@@@@@@@@@@@@@@@@@@@@@@@@@@@@@@@@@@@@@@@@@@@@@@@@@@@@@@@@@@@@@@@@@@@@@@@@@@@@@@@@@@@@@@@@@
L 02/22/2021 - 19:19:16: Log file started
L 02/22/2021 - 19:19:16: @@@@@@@@@@@@@@@@@@@@@@@@@@@@@@@@@@@@@@@@@@@@@@@@@@@@@@@@@@@@@@@@@@@@@@@@@@@@@@@@@@@@@@@@@@@@@@@@@@@
L 02/22/2021 - 19:19:16: 
L 02/22/2021 - 19:19:16: GetModuleFileName - OK
L 02/22/2021 - 19:19:16: GetRootDir - C:\Program Files (x86)\Steam\steamapps\common\Vindictus\en-US : OK
L 02/22/2021 - 19:19:26: LoadLibrary - OK
L 02/22/2021 - 19:19:26: GetProcAddress - OK
L 02/22/2021 - 19:19:26: Chseck steamclient Param - OK
L 02/22/2021 - 19:19:26: Steam API Init - OK
L 02/22/2021 - 19:20:06: Nexon Game Security Start - OK
L 02/22/2021 - 20:13:18: 
L 02/22/2021 - 20:13:18: @@@@@@@@@@@@@@@@@@@@@@@@@@@@@@@@@@@@@@@@@@@@@@@@@@@@@@@@@@@@@@@@@@@@@@@@@@@@@@@@@@@@@@@@@@@@@@@@@@@
L 02/22/2021 - 20:13:18: Log file started
L 02/22/2021 - 20:13:18: @@@@@@@@@@@@@@@@@@@@@@@@@@@@@@@@@@@@@@@@@@@@@@@@@@@@@@@@@@@@@@@@@@@@@@@@@@@@@@@@@@@@@@@@@@@@@@@@@@@
L 02/22/2021 - 20:13:18: 
L 02/22/2021 - 20:13:18: GetModuleFileName - OK
L 02/22/2021 - 20:13:18: GetRootDir - C:\Program Files (x86)\Steam\steamapps\common\Vindictus\en-US : OK
L 02/22/2021 - 20:13:20: LoadLibrary - OK
L 02/22/2021 - 20:13:20: GetProcAddress - OK
L 02/22/2021 - 20:13:20: Chseck steamclient Param - OK
L 02/22/2021 - 20:13:20: Steam API Init - OK
L 02/22/2021 - 20:13:35: Nexon Game Security Start - OK
L 02/22/2021 - 20:32:22: 
L 02/22/2021 - 20:32:22: @@@@@@@@@@@@@@@@@@@@@@@@@@@@@@@@@@@@@@@@@@@@@@@@@@@@@@@@@@@@@@@@@@@@@@@@@@@@@@@@@@@@@@@@@@@@@@@@@@@
L 02/22/2021 - 20:32:22: Log file started
L 02/22/2021 - 20:32:22: @@@@@@@@@@@@@@@@@@@@@@@@@@@@@@@@@@@@@@@@@@@@@@@@@@@@@@@@@@@@@@@@@@@@@@@@@@@@@@@@@@@@@@@@@@@@@@@@@@@
L 02/22/2021 - 20:32:22: 
L 02/22/2021 - 20:32:22: GetModuleFileName - OK
L 02/22/2021 - 20:32:22: GetRootDir - C:\Program Files (x86)\Steam\steamapps\common\Vindictus\en-US : OK
L 02/22/2021 - 20:32:23: LoadLibrary - OK
L 02/22/2021 - 20:32:23: GetProcAddress - OK
L 02/22/2021 - 20:32:23: Chseck steamclient Param - OK
L 02/22/2021 - 20:32:23: Steam API Init - OK
L 02/22/2021 - 20:32:39: Nexon Game Security Start - OK
